<?xml version="1.0" encoding="UTF-8"?>
<!-- Generated by org.testng.reporters.JUnitReportReporter -->
<testsuite skipped="0" hostname="Charlies-MBP.home" name="com.perscholas.jenkins_hello.testng.HelloJenkinsTest" tests="2" failures="0" timestamp="2020-03-05T10:40:13 CST" time="0.018" errors="0">
  <testcase name="testHelloJenkins" time="0.017" classname="com.perscholas.jenkins_hello.testng.HelloJenkinsTest"/>
  <system-out/>
  <testcase name="testHelloJenkinsAgain" time="0.001" classname="com.perscholas.jenkins_hello.testng.HelloJenkinsTest"/>
  <system-out/>
</testsuite> <!-- com.perscholas.jenkins_hello.testng.HelloJenkinsTest -->
