<?xml version="1.0" encoding="UTF-8"?>
<!-- Generated by org.testng.reporters.JUnitReportReporter -->
<testsuite skipped="0" hostname="Charlies-MBP.home" name="com.perscholas.jenkins_hello.testng.HelloJenkinsTests" tests="2" failures="0" timestamp="2020-03-05T09:14:31 CST" time="0.021" errors="0">
  <testcase name="testHelloJenkins" time="0.015" classname="com.perscholas.jenkins_hello.testng.HelloJenkinsTests"/>
  <system-out/>
  <testcase name="testHelloJenkinsAgain" time="0.006" classname="com.perscholas.jenkins_hello.testng.HelloJenkinsTests"/>
  <system-out/>
</testsuite> <!-- com.perscholas.jenkins_hello.testng.HelloJenkinsTests -->
